2017-07-26 16:18:03 [ main:0 ] - [ DEBUG ] 即将要解压的压缩文件路径 ： D:/海图项目/通知文件/压缩文件
2017-07-26 16:18:51 [ main:0 ] - [ DEBUG ] 即将要解压的压缩文件路径 ： D:/海图项目/通知文件/压缩文件
2017-07-26 16:19:21 [ main:30052 ] - [ DEBUG ] 解压到的  ： D:/海图项目/通知文件/压缩文件
2017-07-26 16:19:21 [ main:30052 ] - [ DEBUG ] 进入解压缩的工具类...
2017-07-26 16:19:21 [ main:30053 ] - [ DEBUG ] 源文件 ： ﻿D:/海图项目/临时文件/压缩文件/192.168.3.25_20170726.zip  
2017-07-26 16:19:21 [ main:30053 ] - [ DEBUG ] 解压路径 ： D:/海图项目/临时文件/解压文件
2017-07-26 16:19:21 [ main:30059 ] - [ DEBUG ] 文件暂时不可解压,4秒后再尝试解压，目前已经失败1次
2017-07-26 16:19:25 [ main:34096 ] - [ DEBUG ] 文件暂时不可解压,4秒后再尝试解压，目前已经失败2次
2017-07-26 16:19:29 [ main:38100 ] - [ DEBUG ] 文件暂时不可解压,4秒后再尝试解压，目前已经失败3次
2017-07-26 16:19:42 [ main:0 ] - [ DEBUG ] 即将要解压的压缩文件路径 ： D:/海图项目/通知文件/压缩文件
2017-07-26 16:19:42 [ main:23 ] - [ DEBUG ] 解压到的  ： D:/海图项目/通知文件/压缩文件
2017-07-26 16:19:52 [ main:10326 ] - [ DEBUG ] 进入解压缩的工具类...
2017-07-26 16:19:53 [ main:10729 ] - [ DEBUG ] 源文件 ： ﻿D:/海图项目/临时文件/压缩文件/192.168.3.25_20170726.zip  
2017-07-26 16:19:53 [ main:10973 ] - [ DEBUG ] 解压路径 ： D:/海图项目/临时文件/解压文件
2017-07-26 16:20:45 [ main:0 ] - [ DEBUG ] 即将要解压的压缩文件路径 ： D:/海图项目/通知文件/压缩文件
2017-07-26 16:20:45 [ main:88 ] - [ DEBUG ] 解压到的  ： D:/海图项目/通知文件/压缩文件
2017-07-26 16:20:48 [ main:2793 ] - [ DEBUG ] 进入解压缩的工具类...
2017-07-26 16:20:48 [ main:3064 ] - [ DEBUG ] 源文件 ： ﻿D:/海图项目/临时文件/压缩文件/20170726.zip  
2017-07-26 16:20:48 [ main:3220 ] - [ DEBUG ] 解压路径 ： D:/海图项目/临时文件/解压文件
2017-07-26 16:21:53 [ main:0 ] - [ DEBUG ] 即将要解压的压缩文件路径 ： D:/海图项目/通知文件/压缩文件
2017-07-26 16:21:53 [ main:16 ] - [ DEBUG ] 解压到的  ： D:/海图项目/通知文件/压缩文件
2017-07-26 16:21:55 [ main:2338 ] - [ DEBUG ] 进入解压缩的工具类...
2017-07-26 16:21:56 [ main:2590 ] - [ DEBUG ] 源文件 ： ﻿D:/海图项目/临时文件/压缩文件/Test.zip  
2017-07-26 16:21:56 [ main:2761 ] - [ DEBUG ] 解压路径 ： D:/海图项目/临时文件/解压文件
2017-07-26 16:23:01 [ main:0 ] - [ DEBUG ] 即将要解压的压缩文件路径 ： D:/海图项目/通知文件/压缩文件
2017-07-26 16:23:01 [ main:43 ] - [ DEBUG ] 解压到的  ： D:/海图项目/通知文件/压缩文件
2017-07-26 16:23:04 [ main:3502 ] - [ DEBUG ] 进入解压缩的工具类...
2017-07-26 16:23:05 [ main:4015 ] - [ DEBUG ] 源文件 ： ﻿D:/海图项目/临时文件/压缩文件/Test.zip  
2017-07-26 16:23:05 [ main:4376 ] - [ DEBUG ] 解压路径 ： D:/海图项目/临时文件/解压文件
2017-07-26 16:27:49 [ main:1 ] - [ DEBUG ] 即将要解压的压缩文件路径 ： D:/海图项目/通知文件/压缩文件
2017-07-26 16:27:49 [ main:15 ] - [ DEBUG ] 解压到的  ： D:/海图项目/通知文件/压缩文件
2017-07-26 16:27:51 [ main:2628 ] - [ DEBUG ] 进入解压缩的工具类...
2017-07-26 16:27:51 [ main:2791 ] - [ DEBUG ] 源文件 ： ﻿D:/海图项目/临时文件/压缩文件/192.168.3.25_20170726.zip
2017-07-26 16:27:52 [ main:3041 ] - [ DEBUG ] 解压路径 ： D:/海图项目/临时文件/解压文件
2017-07-26 16:28:04 [ main:15141 ] - [ DEBUG ] 开始解压。。。
2017-07-26 16:28:08 [ main:19254 ] - [ DEBUG ] 解压数据成功
2017-07-26 16:33:06 [ main:0 ] - [ DEBUG ] 即将要解压的压缩文件路径 ： D:/海图项目/通知文件/压缩文件
2017-07-26 16:33:06 [ main:44 ] - [ DEBUG ] 解压到的  ： D:/海图项目/通知文件/压缩文件
2017-07-26 16:33:10 [ main:3827 ] - [ DEBUG ] 进入解压缩的工具类...
2017-07-26 16:33:10 [ main:4038 ] - [ DEBUG ] 源文件 ： ﻿D:/海图项目/临时文件/压缩文件/192.168.3.25_20170726.zip
2017-07-26 16:33:10 [ main:4219 ] - [ DEBUG ] 解压路径 ： D:/海图项目/临时文件/解压文件
2017-07-26 16:33:46 [ main:0 ] - [ DEBUG ] 即将要解压的压缩文件路径 ： D:/海图项目/通知文件/压缩文件
2017-07-26 16:33:46 [ main:8 ] - [ DEBUG ] 解压到的  ： D:/海图项目/通知文件/压缩文件
2017-07-26 16:33:46 [ main:10 ] - [ DEBUG ] 进入解压缩的工具类...
2017-07-26 16:33:46 [ main:11 ] - [ DEBUG ] 源文件 ： ﻿D:/海图项目/临时文件/压缩文件/192.168.3.25_20170726.zip
2017-07-26 16:33:46 [ main:12 ] - [ DEBUG ] 解压路径 ： D:/海图项目/临时文件/解压文件
2017-07-26 16:33:46 [ main:21 ] - [ DEBUG ] 文件暂时不可解压,4秒后再尝试解压，目前已经失败1次
2017-07-26 16:33:50 [ main:4032 ] - [ DEBUG ] 文件暂时不可解压,4秒后再尝试解压，目前已经失败2次
2017-07-26 16:33:56 [ main:0 ] - [ DEBUG ] 即将要解压的压缩文件路径 ： D:/海图项目/通知文件/压缩文件
2017-07-26 16:33:56 [ main:16 ] - [ DEBUG ] 解压到的  ： D:/海图项目/通知文件/压缩文件
2017-07-26 16:33:56 [ main:16 ] - [ DEBUG ] 进入解压缩的工具类...
2017-07-26 16:33:56 [ main:16 ] - [ DEBUG ] 源文件 ： ﻿D:/海图项目/临时文件/压缩文件/192.168.3.25_20170726.zip
2017-07-26 16:33:56 [ main:17 ] - [ DEBUG ] 解压路径 ： D:/海图项目/临时文件/解压文件
2017-07-26 16:35:12 [ main:0 ] - [ DEBUG ] 即将要解压的压缩文件路径 ： D:/海图项目/通知文件/压缩文件
2017-07-26 16:35:12 [ main:16 ] - [ DEBUG ] 解压到的  ： D:/海图项目/通知文件/压缩文件
2017-07-26 16:35:12 [ main:17 ] - [ DEBUG ] 进入解压缩的工具类...
2017-07-26 16:35:12 [ main:17 ] - [ DEBUG ] 源文件 ： ﻿D:/海图项目/临时文件/压缩文件/192.168.3.25_20170726.zip
2017-07-26 16:35:12 [ main:17 ] - [ DEBUG ] 解压路径 ： D:/海图项目/临时文件/解压文件
2017-07-26 16:35:31 [ main:0 ] - [ DEBUG ] 即将要解压的压缩文件路径 ： D:/海图项目/通知文件/压缩文件
2017-07-26 16:35:32 [ main:23 ] - [ DEBUG ] 解压到的  ： D:/海图项目/通知文件/压缩文件
2017-07-26 16:35:32 [ main:23 ] - [ DEBUG ] 进入解压缩的工具类...
2017-07-26 16:35:32 [ main:23 ] - [ DEBUG ] 源文件 ： ﻿D:/海图项目/临时文件/压缩文件/192.168.3.25_20170726.zip
2017-07-26 16:35:32 [ main:23 ] - [ DEBUG ] 解压路径 ： D:/海图项目/临时文件/解压文件
2017-07-26 16:35:52 [ main:20593 ] - [ DEBUG ] 文件暂时不可解压,4秒后再尝试解压，目前已经失败1次
2017-07-26 16:36:00 [ main:28223 ] - [ DEBUG ] 文件暂时不可解压,4秒后再尝试解压，目前已经失败2次
2017-07-26 16:36:24 [ main:0 ] - [ DEBUG ] 即将要解压的压缩文件路径 ： D:/海图项目/通知文件/压缩文件
2017-07-26 16:36:24 [ main:24 ] - [ DEBUG ] 解压到的  ： D:/海图项目/通知文件/压缩文件
2017-07-26 16:36:25 [ main:36 ] - [ DEBUG ] 进入解压缩的工具类...
2017-07-26 16:36:25 [ main:36 ] - [ DEBUG ] 源文件 ： ﻿D:/海图项目/临时文件/压缩文件/192.168.3.25_20170726.zip
2017-07-26 16:36:25 [ main:36 ] - [ DEBUG ] 解压路径 ： D:/海图项目/临时文件/解压文件
2017-07-26 16:36:38 [ main:0 ] - [ DEBUG ] 即将要解压的压缩文件路径 ： D:/海图项目/通知文件/压缩文件
2017-07-26 16:36:38 [ main:20 ] - [ DEBUG ] 解压到的  ： D:/海图项目/通知文件/压缩文件
2017-07-26 16:36:38 [ main:20 ] - [ DEBUG ] 进入解压缩的工具类...
2017-07-26 16:36:38 [ main:22 ] - [ DEBUG ] 源文件 ： ﻿D:/海图项目/临时文件/压缩文件/192.168.3.25_20170726.zip
2017-07-26 16:36:38 [ main:22 ] - [ DEBUG ] 解压路径 ： D:/海图项目/临时文件/解压文件
2017-07-26 16:37:32 [ main:0 ] - [ DEBUG ] 即将要解压的压缩文件路径 ： D:/海图项目/通知文件/压缩文件
2017-07-26 16:37:32 [ main:34 ] - [ DEBUG ] 解压到的  ： D:/海图项目/通知文件/压缩文件
2017-07-26 16:37:32 [ main:34 ] - [ DEBUG ] 进入解压缩的工具类...
2017-07-26 16:37:32 [ main:34 ] - [ DEBUG ] 源文件 ： ﻿D:/海图项目/临时文件/压缩文件/192.168.3.25_20170726.zip
2017-07-26 16:37:32 [ main:34 ] - [ DEBUG ] 解压路径 ： D:/海图项目/临时文件/解压文件
2017-07-26 16:38:05 [ main:0 ] - [ DEBUG ] 即将要解压的压缩文件路径 ： D:/海图项目/通知文件/压缩文件
2017-07-26 16:38:05 [ main:134 ] - [ DEBUG ] 解压到的  ： D:/海图项目/通知文件/压缩文件
2017-07-26 16:38:05 [ main:134 ] - [ DEBUG ] 进入解压缩的工具类...
2017-07-26 16:38:05 [ main:134 ] - [ DEBUG ] 源文件 ： ﻿D:/海图项目/临时文件/压缩文件/192.168.3.25_20170726.zip
2017-07-26 16:38:05 [ main:134 ] - [ DEBUG ] 解压路径 ： D:/海图项目/临时文件/解压文件
2017-07-26 16:39:02 [ main:0 ] - [ DEBUG ] 即将要解压的压缩文件路径 ： D:/海图项目/通知文件/压缩文件
2017-07-26 16:39:02 [ main:19 ] - [ DEBUG ] 解压到的  ： D:/海图项目/通知文件/压缩文件
2017-07-26 16:39:02 [ main:19 ] - [ DEBUG ] 进入解压缩的工具类...
2017-07-26 16:39:02 [ main:19 ] - [ DEBUG ] 源文件 ： ﻿D:/海图项目/临时文件/压缩文件/192.168.3.25_20170726.zip
2017-07-26 16:39:02 [ main:19 ] - [ DEBUG ] 解压路径 ： D:/海图项目/临时文件/解压文件
2017-07-26 16:41:15 [ main:0 ] - [ DEBUG ] 即将要解压的压缩文件路径 ： D:/海图项目/通知文件/压缩文件
2017-07-26 16:41:15 [ main:38 ] - [ DEBUG ] 解压到的  ： D:/海图项目/通知文件/压缩文件
2017-07-26 16:41:15 [ main:39 ] - [ DEBUG ] 进入解压缩的工具类...
2017-07-26 16:41:15 [ main:39 ] - [ DEBUG ] 源文件 ： ﻿D:/192.168.3.25_20170726.zip
2017-07-26 16:41:15 [ main:40 ] - [ DEBUG ] 解压路径 ： D:/海图项目/临时文件/解压文件
2017-07-26 16:42:58 [ main:0 ] - [ DEBUG ] 即将要解压的压缩文件路径 ： D:/海图项目/通知文件/压缩文件
2017-07-26 16:42:58 [ main:46 ] - [ DEBUG ] 解压到的  ： D:/海图项目/通知文件/压缩文件
2017-07-26 16:42:58 [ main:49 ] - [ DEBUG ] 进入解压缩的工具类...
2017-07-26 16:42:58 [ main:51 ] - [ DEBUG ] 源文件 ： ﻿D:/192.168.3.25_20170726.zip
2017-07-26 16:42:58 [ main:52 ] - [ DEBUG ] 解压路径 ： D:/海图项目/临时文件/解压文件
2017-07-26 16:43:17 [ main:19640 ] - [ DEBUG ] 文件暂时不可解压,4秒后再尝试解压，目前已经失败1次
2017-07-26 16:44:53 [ main:0 ] - [ DEBUG ] 即将要解压的压缩文件路径 ： D:/海图项目/通知文件/压缩文件
2017-07-26 16:44:53 [ main:28 ] - [ DEBUG ] 解压到的  ： D:/海图项目/通知文件/压缩文件
2017-07-26 16:44:53 [ main:28 ] - [ DEBUG ] 进入解压缩的工具类...
2017-07-26 16:44:53 [ main:28 ] - [ DEBUG ] 源文件 ： ﻿D:/ttt.zip
2017-07-26 16:44:53 [ main:29 ] - [ DEBUG ] 解压路径 ： D:/海图项目/临时文件/解压文件
2017-07-26 16:45:01 [ main:7756 ] - [ DEBUG ] 文件暂时不可解压,4秒后再尝试解压，目前已经失败1次
2017-07-26 16:45:30 [ main:0 ] - [ DEBUG ] 即将要解压的压缩文件路径 ： D:/海图项目/通知文件/压缩文件
2017-07-26 16:45:30 [ main:38 ] - [ DEBUG ] 解压到的  ： D:/海图项目/通知文件/压缩文件
2017-07-26 16:45:30 [ main:41 ] - [ DEBUG ] 进入解压缩的工具类...
2017-07-26 16:45:30 [ main:42 ] - [ DEBUG ] 源文件 ： ﻿D:/ttt.zip
2017-07-26 16:45:30 [ main:44 ] - [ DEBUG ] 解压路径 ： D:/海图项目/临时文件/解压文件
2017-07-26 16:45:40 [ main:0 ] - [ DEBUG ] 即将要解压的压缩文件路径 ： D:/海图项目/通知文件/压缩文件
2017-07-26 16:45:40 [ main:49 ] - [ DEBUG ] 解压到的  ： D:/海图项目/通知文件/压缩文件
2017-07-26 16:45:40 [ main:49 ] - [ DEBUG ] 进入解压缩的工具类...
2017-07-26 16:45:40 [ main:49 ] - [ DEBUG ] 源文件 ： ﻿D:/ttt.zip
2017-07-26 16:45:40 [ main:51 ] - [ DEBUG ] 解压路径 ： D:/海图项目/临时文件/解压文件
2017-07-26 16:45:55 [ main:0 ] - [ DEBUG ] 即将要解压的压缩文件路径 ： D:/海图项目/通知文件/压缩文件
2017-07-26 16:45:55 [ main:16 ] - [ DEBUG ] 解压到的  ： D:/海图项目/通知文件/压缩文件
2017-07-26 16:45:55 [ main:16 ] - [ DEBUG ] 进入解压缩的工具类...
2017-07-26 16:45:55 [ main:16 ] - [ DEBUG ] 源文件 ： ﻿D:/ttt.zip
2017-07-26 16:45:55 [ main:17 ] - [ DEBUG ] 解压路径 ： D:/海图项目/临时文件/解压文件
2017-07-26 16:46:42 [ main:0 ] - [ DEBUG ] 即将要解压的压缩文件路径 ： D:/海图项目/通知文件/压缩文件
2017-07-26 16:46:42 [ main:72 ] - [ DEBUG ] 解压到的  ： D:/海图项目/通知文件/压缩文件
2017-07-26 16:46:42 [ main:73 ] - [ DEBUG ] 进入解压缩的工具类...
2017-07-26 16:46:42 [ main:73 ] - [ DEBUG ] 源文件 ： ﻿D:\\ttt.zip
2017-07-26 16:46:42 [ main:73 ] - [ DEBUG ] 解压路径 ： D:/海图项目/临时文件/解压文件
2017-07-26 16:48:00 [ main:0 ] - [ DEBUG ] 即将要解压的压缩文件路径 ： D:/海图项目/通知文件/压缩文件
2017-07-26 16:48:00 [ main:30 ] - [ DEBUG ] 解压到的  ： D:/海图项目/通知文件/压缩文件
2017-07-26 16:48:00 [ main:30 ] - [ DEBUG ] 进入解压缩的工具类...
2017-07-26 16:48:00 [ main:30 ] - [ DEBUG ] 源文件 ： null
2017-07-26 16:48:00 [ main:31 ] - [ DEBUG ] 解压路径 ： D:/海图项目/临时文件/解压文件
2017-07-26 16:48:35 [ main:0 ] - [ DEBUG ] 即将要解压的压缩文件路径 ： D:/海图项目/通知文件/压缩文件
2017-07-26 16:48:35 [ main:128 ] - [ DEBUG ] 解压到的  ： D:/海图项目/通知文件/压缩文件
2017-07-26 16:48:35 [ main:128 ] - [ DEBUG ] 进入解压缩的工具类...
2017-07-26 16:48:35 [ main:128 ] - [ DEBUG ] 源文件 ： D:\\ttt.zip
2017-07-26 16:48:35 [ main:129 ] - [ DEBUG ] 解压路径 ： D:/海图项目/临时文件/解压文件
2017-07-26 16:50:18 [ main:0 ] - [ DEBUG ] 即将要解压的压缩文件路径 ： D:/海图项目/通知文件/压缩文件
2017-07-26 16:50:18 [ main:21 ] - [ DEBUG ] 解压到的  ： D:/海图项目/通知文件/压缩文件
2017-07-26 16:50:18 [ main:21 ] - [ DEBUG ] 进入解压缩的工具类...
2017-07-26 16:50:18 [ main:23 ] - [ DEBUG ] 源文件 ： D:/海图项目/临时文件/压缩文件/192.168.3.25_20170726.zip
2017-07-26 16:50:18 [ main:23 ] - [ DEBUG ] 解压路径 ： D:/海图项目/临时文件/解压文件
2017-07-26 16:51:07 [ main:0 ] - [ DEBUG ] 即将要解压的压缩文件路径 ： D:/海图项目/通知文件/压缩文件
2017-07-26 16:51:07 [ main:22 ] - [ DEBUG ] 解压到的  ： D:/海图项目/通知文件/压缩文件
2017-07-26 16:51:07 [ main:22 ] - [ DEBUG ] 进入解压缩的工具类...
2017-07-26 16:51:07 [ main:23 ] - [ DEBUG ] 源文件 ： D:/海图项目/临时文件/压缩文件/192.168.3.25_20170726.zip
2017-07-26 16:51:07 [ main:23 ] - [ DEBUG ] 解压路径 ： D:/海图项目/临时文件/解压文件
2017-07-26 16:56:15 [ main:0 ] - [ DEBUG ] 即将要解压的压缩文件路径 ： D:/海图项目/通知文件/压缩文件
2017-07-26 16:56:15 [ main:18 ] - [ DEBUG ] 解压到的  ： D:/海图项目/通知文件/压缩文件
2017-07-26 16:56:15 [ main:18 ] - [ DEBUG ] 进入解压缩的工具类...
2017-07-26 16:56:15 [ main:18 ] - [ DEBUG ] 源文件 ： D:/海图项目/临时文件/压缩文件/192.168.3.25_20170726.zip
2017-07-26 16:56:15 [ main:18 ] - [ DEBUG ] 解压路径 ： D:/海图项目/临时文件/解压文件
2017-07-26 16:56:31 [ main:16013 ] - [ DEBUG ] 开始解压。。。
2017-07-26 16:56:35 [ main:20122 ] - [ DEBUG ] 解压数据成功
